# JRE version: Java(TM) SE Runtime Environment (14.0.2+12) (build 14.0.2+12-46)
# Java VM: Java HotSpot(TM) 64-Bit Server VM (14.0.2+12-46, mixed mode, sharing, tiered, compressed oops, g1 gc, windows-amd64)
Heap:
 garbage-first heap   total 419840K, used 249640K [0x00000000e0000000, 0x0000000100000000)
  region size 1024K, 8 young (8192K), 7 survivors (7168K)
 Metaspace       used 85435K, capacity 87674K, committed 88300K, reserved 331776K
  class space    used 11413K, capacity 12213K, committed 12416K, reserved 253952K
GC Heap History (20 events):
Event: 25.069 GC heap before
{Heap before GC invocations=28 (full 0):
 garbage-first heap   total 270336K, used 155019K [0x00000000e0000000, 0x0000000100000000)
  region size 1024K, 7 young (7168K), 5 survivors (5120K)
 Metaspace       used 85396K, capacity 87665K, committed 88300K, reserved 331776K
  class space    used 11408K, capacity 12210K, committed 12416K, reserved 253952K
}
Event: 25.071 GC heap after
{Heap after GC invocations=29 (full 0):
 garbage-first heap   total 270336K, used 154614K [0x00000000e0000000, 0x0000000100000000)
  region size 1024K, 4 young (4096K), 4 survivors (4096K)
 Metaspace       used 85396K, capacity 87665K, committed 88300K, reserved 331776K
  class space    used 11408K, capacity 12210K, committed 12416K, reserved 253952K
}
Event: 25.490 GC heap before
{Heap before GC invocations=30 (full 0):
 garbage-first heap   total 270336K, used 159734K [0x00000000e0000000, 0x0000000100000000)
  region size 1024K, 6 young (6144K), 4 survivors (4096K)
 Metaspace       used 85396K, capacity 87665K, committed 88300K, reserved 331776K
  class space    used 11408K, capacity 12210K, committed 12416K, reserved 253952K
}
Event: 25.492 GC heap after
{Heap after GC invocations=31 (full 0):
 garbage-first heap   total 270336K, used 158470K [0x00000000e0000000, 0x0000000100000000)
  region size 1024K, 4 young (4096K), 4 survivors (4096K)
 Metaspace       used 85396K, capacity 87665K, committed 88300K, reserved 331776K
  class space    used 11408K, capacity 12210K, committed 12416K, reserved 253952K
}
Event: 26.145 GC heap before
{Heap before GC invocations=32 (full 0):
 garbage-first heap   total 329728K, used 198406K [0x00000000e0000000, 0x0000000100000000)
  region size 1024K, 10 young (10240K), 4 survivors (4096K)
 Metaspace       used 85396K, capacity 87665K, committed 88300K, reserved 331776K
  class space    used 11408K, capacity 12210K, committed 12416K, reserved 253952K
}
Event: 26.151 GC heap after
{Heap after GC invocations=33 (full 0):
 garbage-first heap   total 329728K, used 178675K [0x00000000e0000000, 0x0000000100000000)
  region size 1024K, 6 young (6144K), 6 survivors (6144K)
 Metaspace       used 85396K, capacity 87665K, committed 88300K, reserved 331776K
  class space    used 11408K, capacity 12210K, committed 12416K, reserved 253952K
}
Event: 26.518 GC heap before
{Heap before GC invocations=34 (full 0):
 garbage-first heap   total 334848K, used 199155K [0x00000000e0000000, 0x0000000100000000)
  region size 1024K, 8 young (8192K), 6 survivors (6144K)
 Metaspace       used 85396K, capacity 87665K, committed 88300K, reserved 331776K
  class space    used 11408K, capacity 12210K, committed 12416K, reserved 253952K
}
Event: 26.521 GC heap after
{Heap after GC invocations=35 (full 0):
 garbage-first heap   total 334848K, used 189366K [0x00000000e0000000, 0x0000000100000000)
  region size 1024K, 5 young (5120K), 5 survivors (5120K)
 Metaspace       used 85396K, capacity 87665K, committed 88300K, reserved 331776K
  class space    used 11408K, capacity 12210K, committed 12416K, reserved 253952K
}
Event: 27.051 GC heap before
{Heap before GC invocations=36 (full 0):
 garbage-first heap   total 334848K, used 196534K [0x00000000e0000000, 0x0000000100000000)
  region size 1024K, 10 young (10240K), 5 survivors (5120K)
 Metaspace       used 85399K, capacity 87665K, committed 88300K, reserved 331776K
  class space    used 11408K, capacity 12210K, committed 12416K, reserved 253952K
}
Event: 27.054 GC heap after
{Heap after GC invocations=37 (full 0):
 garbage-first heap   total 334848K, used 194195K [0x00000000e0000000, 0x0000000100000000)
  region size 1024K, 8 young (8192K), 8 survivors (8192K)
 Metaspace       used 85399K, capacity 87665K, committed 88300K, reserved 331776K
  class space    used 11408K, capacity 12210K, committed 12416K, reserved 253952K
}
Event: 27.203 GC heap before
{Heap before GC invocations=38 (full 0):
 garbage-first heap   total 348160K, used 212627K [0x00000000e0000000, 0x0000000100000000)
  region size 1024K, 9 young (9216K), 8 survivors (8192K)
 Metaspace       used 85399K, capacity 87665K, committed 88300K, reserved 331776K
  class space    used 11408K, capacity 12210K, committed 12416K, reserved 253952K
}
Event: 27.206 GC heap after
{Heap after GC invocations=39 (full 0):
 garbage-first heap   total 348160K, used 206638K [0x00000000e0000000, 0x0000000100000000)
  region size 1024K, 4 young (4096K), 4 survivors (4096K)
 Metaspace       used 85399K, capacity 87665K, committed 88300K, reserved 331776K
  class space    used 11408K, capacity 12210K, committed 12416K, reserved 253952K
}
Event: 27.464 GC heap before
{Heap before GC invocations=40 (full 0):
 garbage-first heap   total 358400K, used 213806K [0x00000000e0000000, 0x0000000100000000)
  region size 1024K, 7 young (7168K), 4 survivors (4096K)
 Metaspace       used 85399K, capacity 87665K, committed 88300K, reserved 331776K
  class space    used 11408K, capacity 12210K, committed 12416K, reserved 253952K
}
Event: 27.466 GC heap after
{Heap after GC invocations=41 (full 0):
 garbage-first heap   total 358400K, used 207956K [0x00000000e0000000, 0x0000000100000000)
  region size 1024K, 5 young (5120K), 5 survivors (5120K)
 Metaspace       used 85399K, capacity 87665K, committed 88300K, reserved 331776K
  class space    used 11408K, capacity 12210K, committed 12416K, reserved 253952K
}
Event: 27.916 GC heap before
{Heap before GC invocations=42 (full 0):
 garbage-first heap   total 358400K, used 216148K [0x00000000e0000000, 0x0000000100000000)
  region size 1024K, 9 young (9216K), 5 survivors (5120K)
 Metaspace       used 85401K, capacity 87665K, committed 88300K, reserved 331776K
  class space    used 11408K, capacity 12210K, committed 12416K, reserved 253952K
}
Event: 27.919 GC heap after
{Heap after GC invocations=43 (full 0):
 garbage-first heap   total 358400K, used 212630K [0x00000000e0000000, 0x0000000100000000)
  region size 1024K, 7 young (7168K), 7 survivors (7168K)
 Metaspace       used 85401K, capacity 87665K, committed 88300K, reserved 331776K
  class space    used 11408K, capacity 12210K, committed 12416K, reserved 253952K
}
Event: 28.265 GC heap before
{Heap before GC invocations=44 (full 0):
 garbage-first heap   total 368640K, used 220822K [0x00000000e0000000, 0x0000000100000000)
  region size 1024K, 11 young (11264K), 7 survivors (7168K)
 Metaspace       used 85409K, capacity 87665K, committed 88300K, reserved 331776K
  class space    used 11408K, capacity 12210K, committed 12416K, reserved 253952K
}
Event: 28.269 GC heap after
{Heap after GC invocations=45 (full 0):
 garbage-first heap   total 368640K, used 217633K [0x00000000e0000000, 0x0000000100000000)
  region size 1024K, 5 young (5120K), 5 survivors (5120K)
 Metaspace       used 85409K, capacity 87665K, committed 88300K, reserved 331776K
  class space    used 11408K, capacity 12210K, committed 12416K, reserved 253952K
}
Event: 28.439 GC heap before
{Heap before GC invocations=46 (full 0):
 garbage-first heap   total 373760K, used 223777K [0x00000000e0000000, 0x0000000100000000)
  region size 1024K, 9 young (9216K), 5 survivors (5120K)
 Metaspace       used 85435K, capacity 87674K, committed 88300K, reserved 331776K
  class space    used 11413K, capacity 12213K, committed 12416K, reserved 253952K
}
Event: 28.442 GC heap after
{Heap after GC invocations=47 (full 0):
 garbage-first heap   total 373760K, used 220968K [0x00000000e0000000, 0x0000000100000000)
  region size 1024K, 7 young (7168K), 7 survivors (7168K)
 Metaspace       used 85435K, capacity 87674K, committed 88300K, reserved 331776K
  class space    used 11413K, capacity 12213K, committed 12416K, reserved 253952K
}

